0 info it worked if it ends with ok
1 verbose cli [ 'D:\\从D盘根目录移动的碎片文件\\4qi\\nodejs\\v740\\node.exe',
1 verbose cli   'D:\\从D盘根目录移动的碎片文件\\4qi\\nodejs\\v740\\node_modules\\npm\\bin\\npm-cli.js',
1 verbose cli   'run',
1 verbose cli   'packager' ]
2 info using npm@4.0.5
3 info using node@v7.4.0
4 verbose run-script [ 'prepackager', 'packager', 'postpackager' ]
5 info lifecycle electron-quick-start@1.0.0~prepackager: electron-quick-start@1.0.0
6 silly lifecycle electron-quick-start@1.0.0~prepackager: no script for prepackager, continuing
7 info lifecycle electron-quick-start@1.0.0~packager: electron-quick-start@1.0.0
8 verbose lifecycle electron-quick-start@1.0.0~packager: unsafe-perm in lifecycle true
9 verbose lifecycle electron-quick-start@1.0.0~packager: PATH: D:\从D盘根目录移动的碎片文件\4qi\nodejs\v740\node_modules\npm\bin\node-gyp-bin;C:\Users\tujunxiong\Desktop\ctrl4x_demo\node_modules\.bin;C:\Program Files\Java\jdk1.8.0_144\bin;c:\rn_sdk\sdk\platform-tools;D:\Program Files\Git\cmd;c:\program files (x86)\graphicsmagick-1.3.23-q16;C:\Program Files\ImageMagick-7.0.3-Q16;C:\Windows\system32;C:\Windows;C:\Windows\System32\Wbem;C:\Windows\System32\WindowsPowerShell\v1.0\;C:\Users\tujunxiong\.windows-build-tools\python27\python.exe;C:\Program Files\MySQL\MySQL Server 5.5\bin;D:\dev\mysql\bin;D:\dev\MongoDB\Server\3.2\bin;C:\Program Files (x86)\Windows Kits\8.1\Windows Performance Toolkit\;D:\dev\MongoDB\Server\3.2\bin;C:\Users\tujunxiong\Desktop\;D:\从D盘根目录移动的碎片文件\4qi\nodejs\v740;C:\Users\tujunxiong\AppData\Local\Microsoft\WindowsApps;C:\Users\tujunxiong\AppData\Local\atom\bin;D:\tjx2;C:\Program Files\Java\jdk1.8.0_144\bin;C:\Program Files\Microsoft VS Code\bin
10 verbose lifecycle electron-quick-start@1.0.0~packager: CWD: C:\Users\tujunxiong\Desktop\ctrl4x_demo
11 silly lifecycle electron-quick-start@1.0.0~packager: Args: [ '/d /s /c',
11 silly lifecycle   'electron-packager ./student HelloWorld --all --out ./OutApp --version 1.4.0 --overwrite' ]
12 silly lifecycle electron-quick-start@1.0.0~packager: Returned: code: 1  signal: null
13 info lifecycle electron-quick-start@1.0.0~packager: Failed to exec packager script
14 verbose stack Error: electron-quick-start@1.0.0 packager: `electron-packager ./student HelloWorld --all --out ./OutApp --version 1.4.0 --overwrite`
14 verbose stack Exit status 1
14 verbose stack     at EventEmitter.<anonymous> (D:\从D盘根目录移动的碎片文件\4qi\nodejs\v740\node_modules\npm\lib\utils\lifecycle.js:279:16)
14 verbose stack     at emitTwo (events.js:106:13)
14 verbose stack     at EventEmitter.emit (events.js:191:7)
14 verbose stack     at ChildProcess.<anonymous> (D:\从D盘根目录移动的碎片文件\4qi\nodejs\v740\node_modules\npm\lib\utils\spawn.js:40:14)
14 verbose stack     at emitTwo (events.js:106:13)
14 verbose stack     at ChildProcess.emit (events.js:191:7)
14 verbose stack     at maybeClose (internal/child_process.js:885:16)
14 verbose stack     at Process.ChildProcess._handle.onexit (internal/child_process.js:226:5)
15 verbose pkgid electron-quick-start@1.0.0
16 verbose cwd C:\Users\tujunxiong\Desktop\ctrl4x_demo
17 error Windows_NT 10.0.14393
18 error argv "D:\\从D盘根目录移动的碎片文件\\4qi\\nodejs\\v740\\node.exe" "D:\\从D盘根目录移动的碎片文件\\4qi\\nodejs\\v740\\node_modules\\npm\\bin\\npm-cli.js" "run" "packager"
19 error node v7.4.0
20 error npm  v4.0.5
21 error code ELIFECYCLE
22 error electron-quick-start@1.0.0 packager: `electron-packager ./student HelloWorld --all --out ./OutApp --version 1.4.0 --overwrite`
22 error Exit status 1
23 error Failed at the electron-quick-start@1.0.0 packager script 'electron-packager ./student HelloWorld --all --out ./OutApp --version 1.4.0 --overwrite'.
23 error Make sure you have the latest version of node.js and npm installed.
23 error If you do, this is most likely a problem with the electron-quick-start package,
23 error not with npm itself.
23 error Tell the author that this fails on your system:
23 error     electron-packager ./student HelloWorld --all --out ./OutApp --version 1.4.0 --overwrite
23 error You can get information on how to open an issue for this project with:
23 error     npm bugs electron-quick-start
23 error Or if that isn't available, you can get their info via:
23 error     npm owner ls electron-quick-start
23 error There is likely additional logging output above.
24 verbose exit [ 1, true ]
